Drill report for Z:/Gert.lauritsen/Arbejdsfiler/Askob/FritidsProjekter/BOAT/BatMonitor/PCB/Batmonitor.kicad_pcb
Created on 31/10/2020 14:21:47

Copper Layer Stackup:
    =============================================================
    L1 :  F.Cu                      front
    L2 :  B.Cu                      back


Drill file 'Batmonitor-PTH.drl' contains
    plated through holes:
    =============================================================
    T1  0.40mm  0.016"  (22 holes)
    T2  0.50mm  0.020"  (32 holes)
    T3  0.80mm  0.031"  (7 holes)
    T4  1.19mm  0.047"  (8 holes)
    T5  1.20mm  0.047"  (6 holes)
    T6  1.68mm  0.066"  (24 holes)
    T7  2.00mm  0.079"  (2 holes)  (with 2 slots)
    T8  3.00mm  0.118"  (4 holes)

    Total plated holes count 105


Drill file 'Batmonitor-NPTH.drl' contains
    unplated through holes:
    =============================================================

    Total unplated holes count 0
